[INFO] Scanning for projects...
[INFO]                                                                         
[INFO] ------------------------------------------------------------------------
[INFO] Building Mule sample-maven-app Application 1.0.0
[INFO] ------------------------------------------------------------------------
[INFO] 
[INFO] --- mule-app-maven-plugin:1.2:attach-test-resources (default-attach-test-resources) @ sample-maven-app ---
[INFO] attaching test resource D:\Apps\AnypointStudioWorkspace\workspace\sample-maven-app\src\main\app
[INFO] 
[INFO] --- build-helper-maven-plugin:1.7:add-resource (add-resource) @ sample-maven-app ---
[INFO] 
[INFO] --- maven-resources-plugin:3.0.2:resources (default-resources) @ sample-maven-app ---
[INFO] Using 'UTF-8' encoding to copy filtered resources.
[INFO] Copying 0 resource
[INFO] Copying 3 resources
[INFO] Copying 0 resource
[INFO] skip non existing resourceDirectory D:\Apps\AnypointStudioWorkspace\workspace\sample-maven-app\mappings
[INFO] 
[INFO] --- mule-app-maven-plugin:1.2:filter-resources (default-filter-resources) @ sample-maven-app ---
[INFO] 
[INFO] --- maven-compiler-plugin:3.6.2:compile (default-compile) @ sample-maven-app ---
[INFO] Nothing to compile - all classes are up to date
[INFO] 
[INFO] --- maven-resources-plugin:3.0.2:testResources (default-testResources) @ sample-maven-app ---
[INFO] Using 'UTF-8' encoding to copy filtered resources.
[INFO] Copying 1 resource
[INFO] Copying 0 resource
[INFO] Copying 3 resources
[INFO] 
[INFO] --- maven-compiler-plugin:3.6.2:testCompile (default-testCompile) @ sample-maven-app ---
[INFO] Nothing to compile - all classes are up to date
[INFO] 
[INFO] --- maven-surefire-plugin:2.20:test (default-test) @ sample-maven-app ---
[INFO] 
[INFO] --- munit-maven-plugin:1.3.2:test (test) @ sample-maven-app ---
[INFO] Acquiring dynamic ports...
[INFO] Dynamic port definition [DONE]
[INFO] Mule working directory set to: D:\Apps\AnypointStudioWorkspace\workspace\sample-maven-app\target\.mule
[org.mule.munit.remote.RemoteRunner]Run Started
Coverage port: 50346 resources: sample-maven-app.xml 
=======================================================================
===========  Running  sample-maven-app-test-suite.xml  test ===========
=======================================================================
Running sample-maven-app-test-suite-sample-maven-appFlowTest
SUCCESS - Test sample-maven-app-test-suite-sample-maven-appFlowTest finished Successfully.
Connected to localhost in port 50346
[org.mule.munit.remote.CoverageManager]accumulating report
[org.mule.munit.remote.CoverageManager]report is not null

===================================================================================
Number of tests run: 1 - Failed: 0 - Errors: 0 - Skipped: 0 - Time elapsed: 0.037ms
===================================================================================
[org.mule.munit.remote.CoverageManager]Calculating application coverage for resources: sample-maven-app.xml
[org.mule.munit.remote.RemoteRunner]Done
[INFO] Printing Coverage Report...
[INFO] ===============================================================================
[INFO] MUnit Coverage Summary
[INFO] ===============================================================================
[INFO]  * Resources: 1 - Flows: 1 - Message Processors: 1
[INFO]  * Application Coverage: 100.00%
[INFO] ====================================================================================
[INFO] MUnit Run Summary                                                                   
[INFO] ====================================================================================
[INFO]  >> sample-maven-app-test-suite.xml test result: Tests: 1, Errors: 0, Failures:0, Skipped: 0
[INFO] 	
[INFO] ====================================================================================
[INFO]  > Tests:   	1
[INFO]  > Errors:  	0
[INFO]  > Failures:	0
[INFO]  > Skipped: 	0
[INFO] ====================================================================================
[INFO] 
[INFO] --- mule-app-maven-plugin:1.2:mule (default-mule) @ sample-maven-app ---
[INFO] Copying classes directly
[INFO] Copying api directly
[INFO] Adding <com.mulesoft.munit.utils:munit-synchronize-module:jar:1.1.0> as a lib
[INFO] Adding <oauth.signpost:signpost-core:jar:1.2.1.1> as a lib
[INFO] D:\Apps\AnypointStudioWorkspace\workspace\sample-maven-app\mappings does not exist, skipping
[INFO] Building zip: D:\Apps\AnypointStudioWorkspace\workspace\sample-maven-app\target\sample-maven-app-1.0.0.zip
[INFO] 
[INFO] --- mule-app-maven-plugin:1.2:attach-test-resources (default-attach-test-resources) @ sample-maven-app ---
[INFO] attaching test resource D:\Apps\AnypointStudioWorkspace\workspace\sample-maven-app\src\main\app
[INFO] 
[INFO] --- build-helper-maven-plugin:1.7:add-resource (add-resource) @ sample-maven-app ---
[INFO] 
[INFO] --- maven-resources-plugin:3.0.2:resources (default-resources) @ sample-maven-app ---
[INFO] Using 'UTF-8' encoding to copy filtered resources.
[INFO] Copying 0 resource
[INFO] Copying 3 resources
[INFO] Copying 0 resource
[INFO] skip non existing resourceDirectory D:\Apps\AnypointStudioWorkspace\workspace\sample-maven-app\mappings
[INFO] Copying 3 resources
[INFO] Copying 0 resource
[INFO] skip non existing resourceDirectory D:\Apps\AnypointStudioWorkspace\workspace\sample-maven-app\mappings
[INFO] 
[INFO] --- mule-app-maven-plugin:1.2:filter-resources (default-filter-resources) @ sample-maven-app ---
[INFO] 
[INFO] --- maven-compiler-plugin:3.6.2:compile (default-compile) @ sample-maven-app ---
[INFO] Nothing to compile - all classes are up to date
[INFO] 
[INFO] --- maven-resources-plugin:3.0.2:testResources (default-testResources) @ sample-maven-app ---
[INFO] Using 'UTF-8' encoding to copy filtered resources.
[INFO] Copying 1 resource
[INFO] Copying 0 resource
[INFO] Copying 3 resources
[INFO] Copying 3 resources
[INFO] 
[INFO] --- maven-compiler-plugin:3.6.2:testCompile (default-testCompile) @ sample-maven-app ---
[INFO] Nothing to compile - all classes are up to date
[INFO] 
[INFO] --- maven-surefire-plugin:2.20:test (default-test) @ sample-maven-app ---
[INFO] Skipping execution of surefire because it has already been run for this configuration
[INFO] 
[INFO] --- munit-maven-plugin:1.3.2:test (test) @ sample-maven-app ---
[INFO] Acquiring dynamic ports...
[INFO] Dynamic port definition [DONE]
[INFO] Mule working directory set to: D:\Apps\AnypointStudioWorkspace\workspace\sample-maven-app\target\.mule
[org.mule.munit.remote.RemoteRunner]Run Started
Coverage port: 50487 resources: sample-maven-app.xml 
=======================================================================
===========  Running  sample-maven-app-test-suite.xml  test ===========
=======================================================================
Running sample-maven-app-test-suite-sample-maven-appFlowTest
SUCCESS - Test sample-maven-app-test-suite-sample-maven-appFlowTest finished Successfully.
Connected to localhost in port 50487
[org.mule.munit.remote.CoverageManager]accumulating report
[org.mule.munit.remote.CoverageManager]report is not null

==================================================================================
Number of tests run: 1 - Failed: 0 - Errors: 0 - Skipped: 0 - Time elapsed: 0.04ms
==================================================================================
[org.mule.munit.remote.CoverageManager]Calculating application coverage for resources: sample-maven-app.xml
[org.mule.munit.remote.RemoteRunner]Done
[INFO] Printing Coverage Report...
[INFO] ===============================================================================
[INFO] MUnit Coverage Summary
[INFO] ===============================================================================
[INFO]  * Resources: 1 - Flows: 1 - Message Processors: 1
[INFO]  * Application Coverage: 100.00%
[INFO] ====================================================================================
[INFO] MUnit Run Summary                                                                   
[INFO] ====================================================================================
[INFO]  >> sample-maven-app-test-suite.xml test result: Tests: 1, Errors: 0, Failures:0, Skipped: 0
[INFO] 	
[INFO] ====================================================================================
[INFO]  > Tests:   	1
[INFO]  > Errors:  	0
[INFO]  > Failures:	0
[INFO]  > Skipped: 	0
[INFO] ====================================================================================
[INFO] 
[INFO] --- mule-app-maven-plugin:1.2:mule (default-mule) @ sample-maven-app ---
[INFO] Copying classes directly
[INFO] Copying api directly
[INFO] Adding <com.mulesoft.munit.utils:munit-synchronize-module:jar:1.1.0> as a lib
[INFO] Adding <oauth.signpost:signpost-core:jar:1.2.1.1> as a lib
[INFO] D:\Apps\AnypointStudioWorkspace\workspace\sample-maven-app\mappings does not exist, skipping
[INFO] Building zip: D:\Apps\AnypointStudioWorkspace\workspace\sample-maven-app\target\sample-maven-app-1.0.0.zip
[INFO] 
[INFO] --- maven-install-plugin:2.5.2:install (default-install) @ sample-maven-app ---
[INFO] No primary artifact to install, installing attached artifacts instead.
[INFO] Installing D:\Apps\AnypointStudioWorkspace\workspace\sample-maven-app\pom.xml to C:\Apps\apache-maven-3.2.5\repository\sample\maven\app\sample-maven-app\1.0.0\sample-maven-app-1.0.0.pom
[INFO] Installing D:\Apps\AnypointStudioWorkspace\workspace\sample-maven-app\target\sample-maven-app-1.0.0.zip to C:\Apps\apache-maven-3.2.5\repository\sample\maven\app\sample-maven-app\1.0.0\sample-maven-app-1.0.0.zip
[INFO] Installing D:\Apps\AnypointStudioWorkspace\workspace\sample-maven-app\target\sample-maven-app-1.0.0.zip to C:\Apps\apache-maven-3.2.5\repository\sample\maven\app\sample-maven-app\1.0.0\sample-maven-app-1.0.0.zip
[INFO] 
[INFO] --- mule-app-maven-plugin:1.2:install (default-install) @ sample-maven-app ---
[INFO] 
[INFO] --- maven-deploy-plugin:2.8.2:deploy (default-deploy) @ sample-maven-app ---
[INFO] No primary artifact to deploy, deploying attached artifacts instead.
Uploading: https://test-maven-repo-mgr.qdot.qld.gov.au/content/repositories/rnls-devl-release/sample/maven/app/sample-maven-app/1.0.0/sample-maven-app-1.0.0.pom
2/8 KB   4/8 KB   6/8 KB   8/8 KB            Uploaded: https://test-maven-repo-mgr.qdot.qld.gov.au/content/repositories/rnls-devl-release/sample/maven/app/sample-maven-app/1.0.0/sample-maven-app-1.0.0.pom (8 KB at 39.3 KB/sec)
Downloading: https://test-maven-repo-mgr.qdot.qld.gov.au/content/repositories/rnls-devl-release/sample/maven/app/sample-maven-app/maven-metadata.xml
312/312 B               Downloaded: https://test-maven-repo-mgr.qdot.qld.gov.au/content/repositories/rnls-devl-release/sample/maven/app/sample-maven-app/maven-metadata.xml (312 B at 8.0 KB/sec)
Uploading: https://test-maven-repo-mgr.qdot.qld.gov.au/content/repositories/rnls-devl-release/sample/maven/app/sample-maven-app/maven-metadata.xml
312/312 B               Uploaded: https://test-maven-repo-mgr.qdot.qld.gov.au/content/repositories/rnls-devl-release/sample/maven/app/sample-maven-app/maven-metadata.xml (312 B at 0.8 KB/sec)
Uploading: https://test-maven-repo-mgr.qdot.qld.gov.au/content/repositories/rnls-devl-release/sample/maven/app/sample-maven-app/1.0.0/sample-maven-app-1.0.0.zip
2/50 KB     4/50 KB   6/50 KB   8/50 KB   10/50 KB   12/50 KB   14/50 KB   16/50 KB   18/50 KB   20/50 KB   22/50 KB   24/50 KB   26/50 KB   28/50 KB   30/50 KB   32/50 KB   34/50 KB   36/50 KB   38/50 KB   40/50 KB   42/50 KB   44/50 KB   46/50 KB   48/50 KB   50/50 KB              Uploaded: https://test-maven-repo-mgr.qdot.qld.gov.au/content/repositories/rnls-devl-release/sample/maven/app/sample-maven-app/1.0.0/sample-maven-app-1.0.0.zip (50 KB at 668.9 KB/sec)
Uploading: https://test-maven-repo-mgr.qdot.qld.gov.au/content/repositories/rnls-devl-release/sample/maven/app/sample-maven-app/1.0.0/sample-maven-app-1.0.0.zip
2/50 KB    4/50 KB   6/50 KB   8/50 KB   10/50 KB   12/50 KB   14/50 KB   16/50 KB   18/50 KB   20/50 KB   22/50 KB   24/50 KB   26/50 KB   28/50 KB   30/50 KB   32/50 KB   34/50 KB   36/50 KB   38/50 KB   40/50 KB   42/50 KB   44/50 KB   46/50 KB   48/50 KB   50/50 KB              Uploaded: https://test-maven-repo-mgr.qdot.qld.gov.au/content/repositories/rnls-devl-release/sample/maven/app/sample-maven-app/1.0.0/sample-maven-app-1.0.0.zip (50 KB at 970.6 KB/sec)
[INFO] 
[INFO] --- mule-maven-plugin:2.2.1:deploy (deploy) @ sample-maven-app ---
[INFO] No application configured. Using project artifact: D:\Apps\AnypointStudioWorkspace\workspace\sample-maven-app\target\sample-maven-app-1.0.0.zip
[INFO] Using MULE_HOME: D:\Apps\mule-enterprise-standalone-3.8.4
[INFO] Starting Mule Runtime
MULE_HOME is set to D:\Apps\mule-enterprise-standalone-3.8.4
Unable to install the Mule Enterprise Edition service - The specified service already exists. (0x431)
[ERROR] Couldn't start Mule Runtime. Check Mule Runtime logs.
[INFO] Deploying application [D:\Apps\AnypointStudioWorkspace\workspace\sample-maven-app\target\sample-maven-app.zip]
[ERROR] Couldn't deploy application [sample-maven-app] after [60000] miliseconds. Check Mule Runtime log
[INFO] ------------------------------------------------------------------------
[INFO] BUILD FAILURE
[INFO] ------------------------------------------------------------------------
[INFO] Total time: 02:12 min
[INFO] Finished at: 2017-08-18T12:43:00+10:00
[INFO] Final Memory: 42M/654M
[INFO] ------------------------------------------------------------------------
[ERROR] Failed to execute goal org.mule.tools.maven:mule-maven-plugin:2.2.1:deploy (deploy) on project sample-maven-app: Application deployment timeout. -> [Help 1]
[ERROR] 
[ERROR] To see the full stack trace of the errors, re-run Maven with the -e switch.
[ERROR] Re-run Maven using the -X switch to enable full debug logging.
[ERROR] 
[ERROR] For more information about the errors and possible solutions, please read the following articles:
[ERROR] [Help 1] http://cwiki.apache.org/confluence/display/MAVEN/MojoFailureException
