<testsuite name="sample-maven-app-test-suite" time="0.303" failures="0" errors="0" skipped="0" tests="6">
  <properties>
[...]
</properties>
  <testcase time="0.008" name="sample-maven-app-test-suite-exampleFlow-functionalTest_2" classname="sample-maven-app-test-suite"/>
  <testcase time="0.007" name="sample-maven-app-test-suite-exampleFlow2Test2" classname="sample-maven-app-test-suite"/>
  <testcase time="0.069" name="sample-maven-app-test-suite-exampleFlow2Test1" classname="sample-maven-app-test-suite"/>
  <testcase time="0.01" name="sample-maven-app-test-suite-exampleFlow-unit-test_2" classname="sample-maven-app-test-suite"/>
  <testcase time="0.026" name="sample-maven-app-test-suite-exampleFlow-unit-test_1" classname="sample-maven-app-test-suite"/>
  <testcase time="0.012" name="sample-maven-app-test-suite-exampleFlow-functionalTest_1" classname="sample-maven-app-test-suite"/>
</testsuite>